<?xml version="1.0" encoding="UTF-8"?>
<!-- Generated by org.testng.reporters.JUnitXMLReporter -->
<testsuite ignored="4" hostname="DESKTOP-27O0IVK" failures="0" tests="1" name="Default test" time="6.642" errors="0" timestamp="2026-09-18T10:15:30 IST">
  <testcase classname="api.test.usertests" name="testpatchuserbyname" time="6.288"/>
  <testcase classname="api.test.usertests" name="testdeleteuserrbynmae" time="0.0">
    <ignored/>
  </testcase> <!-- testdeleteuserrbynmae -->
  <testcase classname="api.test.usertests" name="testgetuserbyname" time="0.0">
    <ignored/>
  </testcase> <!-- testgetuserbyname -->
  <testcase classname="api.test.usertests" name="testpostuser" time="0.0">
    <ignored/>
  </testcase> <!-- testpostuser -->
  <testcase classname="api.test.usertests" name="testupdateuserbynmae" time="0.0">
    <ignored/>
  </testcase> <!-- testupdateuserbynmae -->
</testsuite> <!-- Default test -->
