<?xml version="1.0" encoding="UTF-8"?>
<testng-results ignored="4" total="5" passed="1" failed="0" skipped="0">
  <reporter-output>
  </reporter-output>
  <suite started-at="2026-09-18T10:15:24 IST" name="Default suite" finished-at="2026-09-18T10:15:30 IST" duration-ms="6642">
    <groups>
    </groups>
    <test started-at="2026-09-18T10:15:24 IST" name="Default test" finished-at="2026-09-18T10:15:30 IST" duration-ms="6642">
      <class name="api.test.usertests">
        <test-method is-config="true" signature="setupdata()[pri:0, instance:api.test.usertests@5b12b668]" started-at="2026-09-18T10:15:24 IST" name="setupdata" finished-at="2026-09-18T10:15:24 IST" duration-ms="292" status="PASS">
          <reporter-output>
          </reporter-output>
        </test-method> <!-- setupdata -->
        <test-method signature="testpatchuserbyname()[pri:4, instance:api.test.usertests@5b12b668]" started-at="2026-09-18T10:15:24 IST" name="testpatchuserbyname" finished-at="2026-09-18T10:15:30 IST" duration-ms="6288" status="PASS">
          <reporter-output>
          </reporter-output>
        </test-method> <!-- testpatchuserbyname -->
      </class> <!-- api.test.usertests -->
    </test> <!-- Default test -->
  </suite> <!-- Default suite -->
</testng-results>
