<?xml version="1.0" encoding="UTF-8"?>
<!-- Generated by org.testng.reporters.JUnitReportReporter -->
<testsuite hostname="DESKTOP-27O0IVK" failures="0" tests="4" name="api.test.usertests" time="11.884" errors="0" timestamp="2026-08-28T14:49:42 IST" skipped="0">
  <testcase classname="api.test.usertests" name="testpostuser" time="2.890"/>
  <testcase classname="api.test.usertests" name="testgetuserbyname" time="2.148"/>
  <testcase classname="api.test.usertests" name="testupdateuserbynmae" time="4.401"/>
  <testcase classname="api.test.usertests" name="testdeleteuserrbynmae" time="2.445"/>
</testsuite> <!-- api.test.usertests -->
